<?xml version="1.0" encoding="UTF-8"?>
<Site BuildName="(empty)"
	BuildStamp="20230713-1002-Experimental"
	Name="thiago"
	Generator="ctest-3.16.3"
	CompilerName="/usr/bin/g++"
	CompilerVersion="9.4.0"
	OSName="Linux"
	Hostname="thiago"
	OSRelease="5.15.0-76-generic"
	OSVersion="#83~20.04.1-Ubuntu SMP Wed Jun 21 20:23:31 UTC 2023"
	OSPlatform="x86_64"
	Is64Bits="1"
	VendorString="AuthenticAMD"
	VendorID="Advanced Micro Devices"
	FamilyID="25"
	ModelID="33"
	ProcessorCacheSize="512"
	NumberOfLogicalCPU="16"
	NumberOfPhysicalCPU="8"
	TotalVirtualMemory="2047"
	TotalPhysicalMemory="31990"
	LogicalProcessorsPerPhysical="2"
	ProcessorClockFrequency="2800"
	>
	<Testing>
		<StartDateTime>Jul 13 22:25 KST</StartDateTime>
		<StartTestTime>1689254750</StartTestTime>
		<TestList/>
		<EndDateTime>Jul 13 22:25 KST</EndDateTime>
		<EndTestTime>1689254750</EndTestTime>
		<ElapsedMinutes>0</ElapsedMinutes>
	</Testing>
</Site>
